<?xml version="1.0" encoding="UTF-8"?>
<!-- Generated by org.testng.reporters.JUnitXMLReporter -->
<testsuite ignored="2" hostname="Raj" failures="0" tests="1" name="Test" time="13.829" errors="0" timestamp="2024-06-27T18:52:22 IST">
  <testcase classname="com.comcast.crm.grouptest.CreateContactTest" name="createContactWithOrg" time="8.221"/>
  <testcase classname="com.comcast.crm.grouptest.CreateContactTest" name="createContactWithStartAndEndDate" time="0.0">
    <ignored/>
  </testcase> <!-- createContactWithStartAndEndDate -->
  <testcase classname="com.comcast.crm.grouptest.CreateContactTest" name="CreateContactWithMandatoryTest" time="0.0">
    <ignored/>
  </testcase> <!-- CreateContactWithMandatoryTest -->
</testsuite> <!-- Test -->
