<?xml version="1.0" encoding="UTF-8"?>
<testng-results ignored="6" total="8" passed="2" failed="0" skipped="0">
  <reporter-output>
  </reporter-output>
  <suite started-at="2024-06-28T09:26:57 IST" name="Suite" finished-at="2024-06-28T09:27:25 IST" duration-ms="28005">
    <groups>
      <group name="smokeTest">
        <method signature="CreateContactTest.CreateContactWithMandatoryTest()[pri:0, instance:com.comcast.crm.grouptest.CreateContactTest@2fd6b6c7]" name="CreateContactWithMandatoryTest" class="com.comcast.crm.grouptest.CreateContactTest"/>
        <method signature="CreateOrgTest.CreateOrgWithNameTest()[pri:0, instance:com.comcast.crm.grouptest.CreateOrgTest@2a32de6c]" name="CreateOrgWithNameTest" class="com.comcast.crm.grouptest.CreateOrgTest"/>
      </group> <!-- smokeTest -->
    </groups>
    <test started-at="2024-06-28T09:26:57 IST" name="Test" finished-at="2024-06-28T09:27:25 IST" duration-ms="28005">
      <class name="com.comcast.crm.grouptest.CreateContactTest">
        <test-method is-config="true" signature="configBC()[pri:0, instance:com.comcast.crm.grouptest.CreateContactTest@2fd6b6c7]" started-at="2024-06-28T09:27:11 IST" name="configBC" finished-at="2024-06-28T09:27:15 IST" duration-ms="4037" status="PASS">
          <reporter-output>
          </reporter-output>
        </test-method> <!-- configBC -->
        <test-method is-config="true" signature="configBM()[pri:0, instance:com.comcast.crm.grouptest.CreateContactTest@2fd6b6c7]" started-at="2024-06-28T09:27:15 IST" name="configBM" finished-at="2024-06-28T09:27:18 IST" duration-ms="2835" status="PASS">
          <reporter-output>
          </reporter-output>
        </test-method> <!-- configBM -->
        <test-method signature="CreateContactWithMandatoryTest()[pri:0, instance:com.comcast.crm.grouptest.CreateContactTest@2fd6b6c7]" started-at="2024-06-28T09:27:18 IST" name="CreateContactWithMandatoryTest" finished-at="2024-06-28T09:27:23 IST" duration-ms="4396" status="PASS">
          <reporter-output>
          </reporter-output>
        </test-method> <!-- CreateContactWithMandatoryTest -->
        <test-method is-config="true" signature="configAM()[pri:0, instance:com.comcast.crm.grouptest.CreateContactTest@2fd6b6c7]" started-at="2024-06-28T09:27:23 IST" name="configAM" finished-at="2024-06-28T09:27:23 IST" duration-ms="862" status="PASS">
          <reporter-output>
          </reporter-output>
        </test-method> <!-- configAM -->
        <test-method is-config="true" signature="configAC()[pri:0, instance:com.comcast.crm.grouptest.CreateContactTest@2fd6b6c7]" started-at="2024-06-28T09:27:23 IST" name="configAC" finished-at="2024-06-28T09:27:25 IST" duration-ms="1380" status="PASS">
          <reporter-output>
          </reporter-output>
        </test-method> <!-- configAC -->
      </class> <!-- com.comcast.crm.grouptest.CreateContactTest -->
      <class name="com.comcast.crm.grouptest.CreateOrgTest">
        <test-method is-config="true" signature="configBS()[pri:0, instance:com.comcast.crm.grouptest.CreateOrgTest@2a32de6c]" started-at="2024-06-28T09:26:56 IST" name="configBS" finished-at="2024-06-28T09:26:57 IST" duration-ms="500" status="PASS">
          <reporter-output>
          </reporter-output>
        </test-method> <!-- configBS -->
        <test-method is-config="true" signature="configBC()[pri:0, instance:com.comcast.crm.grouptest.CreateOrgTest@2a32de6c]" started-at="2024-06-28T09:26:57 IST" name="configBC" finished-at="2024-06-28T09:27:01 IST" duration-ms="4225" status="PASS">
          <reporter-output>
          </reporter-output>
        </test-method> <!-- configBC -->
        <test-method is-config="true" signature="configBM()[pri:0, instance:com.comcast.crm.grouptest.CreateOrgTest@2a32de6c]" started-at="2024-06-28T09:27:01 IST" name="configBM" finished-at="2024-06-28T09:27:04 IST" duration-ms="2794" status="PASS">
          <reporter-output>
          </reporter-output>
        </test-method> <!-- configBM -->
        <test-method signature="CreateOrgWithNameTest()[pri:0, instance:com.comcast.crm.grouptest.CreateOrgTest@2a32de6c]" started-at="2024-06-28T09:27:04 IST" name="CreateOrgWithNameTest" finished-at="2024-06-28T09:27:09 IST" duration-ms="5119" status="PASS">
          <reporter-output>
          </reporter-output>
        </test-method> <!-- CreateOrgWithNameTest -->
        <test-method is-config="true" signature="configAM()[pri:0, instance:com.comcast.crm.grouptest.CreateOrgTest@2a32de6c]" started-at="2024-06-28T09:27:09 IST" name="configAM" finished-at="2024-06-28T09:27:10 IST" duration-ms="898" status="PASS">
          <reporter-output>
          </reporter-output>
        </test-method> <!-- configAM -->
        <test-method is-config="true" signature="configAC()[pri:0, instance:com.comcast.crm.grouptest.CreateOrgTest@2a32de6c]" started-at="2024-06-28T09:27:10 IST" name="configAC" finished-at="2024-06-28T09:27:11 IST" duration-ms="1343" status="PASS">
          <reporter-output>
          </reporter-output>
        </test-method> <!-- configAC -->
        <test-method is-config="true" signature="configAS()[pri:0, instance:com.comcast.crm.grouptest.CreateOrgTest@2a32de6c]" started-at="2024-06-28T09:27:25 IST" name="configAS" finished-at="2024-06-28T09:27:25 IST" duration-ms="5" status="PASS">
          <reporter-output>
          </reporter-output>
        </test-method> <!-- configAS -->
      </class> <!-- com.comcast.crm.grouptest.CreateOrgTest -->
    </test> <!-- Test -->
  </suite> <!-- Suite -->
</testng-results>
