<?xml version="1.0" encoding="UTF-8"?>
<!-- Generated by org.testng.reporters.JUnitXMLReporter -->
<testsuite ignored="2" hostname="Raj" failures="0" tests="6" name="Surefire test" time="51.265" errors="0" timestamp="2024-06-27T18:18:46 IST">
  <testcase classname="com.comcast.crm.grouptest.CreateContactTest" name="CreateContactWithMandatoryTest" time="8.214"/>
  <testcase classname="com.comcast.crm.grouptest.CreateContactTest" name="createContactWithOrg" time="7.492"/>
  <testcase classname="com.comcast.crm.grouptest.CreateContactTest" name="createContactWithStartAndEndDate" time="3.715"/>
  <testcase classname="com.comcast.crm.grouptest.CreateOrgTest" name="CreateOrgWithNameTest" time="3.957"/>
  <testcase classname="com.comcast.crm.grouptest.CreateOrgTest" name="createOrgWithIndustryType" time="3.817"/>
  <testcase classname="com.comcast.crm.grouptest.CreateOrgTest" name="createWithPhoneNum" time="3.64"/>
  <testcase classname="com.comcast.crm.baseclassimp.BaseClass" name="@BeforeSuite configBS" time="0.0">
    <ignored/>
  </testcase> <!-- @BeforeSuite configBS -->
  <testcase classname="com.comcast.crm.baseclassimp.BaseClass" name="@AfterSuite configAS" time="0.0">
    <ignored/>
  </testcase> <!-- @AfterSuite configAS -->
</testsuite> <!-- Surefire test -->
