<?xml version="1.0" encoding="UTF-8"?>
<!-- Generated by org.testng.reporters.JUnitXMLReporter -->
<testsuite ignored="6" hostname="Raj" failures="0" tests="2" name="Test" time="28.005" errors="0" timestamp="2024-06-28T09:27:25 IST">
  <testcase classname="com.comcast.crm.grouptest.CreateOrgTest" name="CreateOrgWithNameTest" time="5.119"/>
  <testcase classname="com.comcast.crm.grouptest.CreateContactTest" name="CreateContactWithMandatoryTest" time="4.396"/>
  <testcase classname="com.comcast.crm.grouptest.CreateContactTest" name="createContactWithOrg" time="0.0">
    <ignored/>
  </testcase> <!-- createContactWithOrg -->
  <testcase classname="com.comcast.crm.grouptest.CreateOrgTest" name="createOrgWithIndustryType" time="0.0">
    <ignored/>
  </testcase> <!-- createOrgWithIndustryType -->
  <testcase classname="com.comcast.crm.baseclassimp.BaseClass" name="@AfterSuite configAS" time="0.0">
    <ignored/>
  </testcase> <!-- @AfterSuite configAS -->
  <testcase classname="com.comcast.crm.grouptest.CreateContactTest" name="createContactWithStartAndEndDate" time="0.0">
    <ignored/>
  </testcase> <!-- createContactWithStartAndEndDate -->
  <testcase classname="com.comcast.crm.baseclassimp.BaseClass" name="@BeforeSuite configBS" time="0.0">
    <ignored/>
  </testcase> <!-- @BeforeSuite configBS -->
  <testcase classname="com.comcast.crm.grouptest.CreateOrgTest" name="createWithPhoneNum" time="0.0">
    <ignored/>
  </testcase> <!-- createWithPhoneNum -->
</testsuite> <!-- Test -->
